\BOOKMARK [0][-]{chapter.1}{\376\377\000W\000h\000y\000\040\000M\000D\000S\000C\000A\000N\000\040\000?}{}% 1
\BOOKMARK [1][-]{section.1.1}{\376\377\000H\000o\000w\000\040\000D\000o\000e\000s\000\040\000M\000D\000S\000C\000A\000N\000\040\000W\000o\000r\000k\000s\000\040\000?}{chapter.1}% 2
\BOOKMARK [1][-]{section.1.2}{\376\377\000P\000e\000r\000f\000o\000r\000m\000a\000n\000c\000e\000\040\000B\000e\000n\000c\000h\000m\000a\000r\000k}{chapter.1}% 3
\BOOKMARK [1][-]{section.1.3}{\376\377\000U\000s\000e\000f\000u\000l\000\040\000A\000l\000t\000e\000r\000n\000a\000t\000i\000v\000e\000s}{chapter.1}% 4
\BOOKMARK [0][-]{chapter.2}{\376\377\000I\000n\000s\000t\000a\000l\000l\000a\000t\000i\000o\000n}{}% 5
\BOOKMARK [1][-]{section.2.1}{\376\377\000M\000D\000T\000r\000a\000j}{chapter.2}% 6
\BOOKMARK [1][-]{section.2.2}{\376\377\000M\000D\000S\000C\000A\000N}{chapter.2}% 7
\BOOKMARK [1][-]{section.2.3}{\376\377\000V\000M\000D\000\040\000a\000n\000d\000\040\000V\000M\000D\000\040\000c\000l\000u\000s\000t\000e\000r\000i\000n\000g\000\040\000p\000l\000u\000g\000i\000n\000\040\000\050\000o\000p\000t\000i\000o\000n\000a\000l\000\051}{chapter.2}% 8
\BOOKMARK [0][-]{chapter.3}{\376\377\000T\000e\000c\000h\000n\000i\000c\000a\000l\000\040\000R\000e\000f\000e\000r\000e\000n\000c\000e}{}% 9
\BOOKMARK [1][-]{section.3.1}{\376\377\000A\000r\000g\000u\000m\000e\000n\000t\000s\000\040\000i\000n\000\040\000D\000e\000t\000a\000i\000l\000s}{chapter.3}% 10
\BOOKMARK [1][-]{section.3.2}{\376\377\000S\000y\000n\000t\000a\000x\000\040\000S\000e\000l\000e\000c\000t\000i\000o\000n\000\040\000E\000x\000a\000m\000p\000l\000e\000s}{chapter.3}% 11
\BOOKMARK [1][-]{section.3.3}{\376\377\000V\000i\000s\000u\000a\000l\000i\000z\000i\000n\000g\000\040\000C\000l\000u\000s\000t\000e\000r\000s\000\040\000i\000n\000\040\000V\000M\000D}{chapter.3}% 12
\BOOKMARK [0][-]{chapter.4}{\376\377\000C\000a\000s\000e\000\040\000S\000t\000u\000d\000y\000\040\000T\000u\000t\000o\000r\000i\000a\000l\000s}{}% 13
\BOOKMARK [1][-]{section.4.1}{\376\377\000C\000l\000u\000s\000t\000e\000r\000i\000n\000g\000\040\000a\000\040\000M\000D}{chapter.4}% 14
\BOOKMARK [1][-]{section.4.2}{\376\377\000C\000l\000u\000s\000t\000e\000r\000i\000n\000g\000\040\000a\000\040\000D\000o\000c\000k\000i\000n\000g\000\040\000E\000n\000s\000e\000m\000b\000l\000e}{chapter.4}% 15
\BOOKMARK [0][-]{chapter.5}{\376\377\000L\000i\000c\000e\000n\000s\000e}{}% 16
\BOOKMARK [0][-]{chapter.6}{\376\377\000C\000i\000t\000a\000t\000i\000o\000n}{}% 17
\BOOKMARK [0][-]{chapter.7}{\376\377\000V\000e\000r\000s\000i\000o\000n\000\040\0000\000.\0000\000.\0001}{}% 18
\BOOKMARK [0][-]{chapter.8}{\376\377\000F\000r\000e\000q\000u\000e\000n\000t\000l\000y\000\040\000A\000s\000k\000e\000d\000\040\000Q\000u\000e\000s\000t\000i\000o\000n\000s}{}% 19
\BOOKMARK [1][-]{section.8.1}{\376\377\000Q\0001\000:\000\040\000D\000o\000e\000s\000\040\000M\000D\000T\000R\000A\000J\000\040\000a\000l\000w\000a\000y\000s\000\040\000a\000l\000i\000g\000n\000\040\000t\000r\000a\000j\000e\000c\000t\000o\000r\000y\000?}{chapter.8}% 20
